Log file open, 03/11/24 13:04:03
LogICUInternationalization: ICU TimeZone Detection - Raw Offset: +1:00, Platform Override: ''
LogInit: ExecutableName: CrashReportClient
LogInit: Build: ++UE5+Release-5.3-CL-29314046
LogInit: Engine Version: 5.3.2-29314046+++UE5+Release-5.3
LogInit: Compatible Engine Version: 5.3.0-27405482+++UE5+Release-5.3
LogInit: Net CL: 27405482
LogInit: OS: Ubuntu 23.10 (6.5.0-25-generic), CPU: Intel(R) Core(TM) i7-8750H CPU @ 2.20GHz, GPU: NVIDIA GeForce GTX 1070 (NVIDIA UNIX x86_64 Kernel Module  535.161.07  Sat Feb 17 22:55:48 UTC 2024)
LogInit: Compiled (64-bit): Nov  3 2023 16:27:17
LogInit: Architecture: x64
LogInit: Compiled with Clang: 16.0.6 (github.com/llvm/llvm-project 7cbf1a2591520c2491aa35339f227775f4d3adf6)
LogInit: Build Configuration: Shipping
LogInit: Branch Name: ++UE5+Release-5.3
LogInit: Command Line:  -Abslog="/home/zero/UnrealGames/CaceteDeAgulha/Saved/Logs/CaceteDeAgulha_2-CRC.log" "/home/zero/UnrealGames/CaceteDeAgulha/Saved/Crashes/crashinfo-CaceteDeAgulha-pid-67045-C1A3FCF4555B4A8D8C41CEF9D3680523/"
LogInit: Base Directory: /home/zero/programs/Linux_Unreal_Engine_5.3.2/Engine/Binaries/Linux/
LogInit: Allocator: Mimalloc
LogInit: Installed Engine Build: 1
LogInit: This binary is optimized with LTO: no, PGO: no, instrumented for PGO data collection: no
LogInit: Presizing for max 100000 objects, including 0 objects not considered by GC, pre-allocating 0 bytes for permanent pool.
LogInit: Object subsystem initialized
[2024.03.11-13.04.03:338][  0]LogConfig: Applying CVar settings from Section [ConsoleVariables] File [Engine]
[2024.03.11-13.04.03:338][  0]LogInit: Unix hardware info:
[2024.03.11-13.04.03:338][  0]LogInit:  - we are the first instance of this executable
[2024.03.11-13.04.03:338][  0]LogInit:  - this process' id (pid) is 67697, parent process' id (ppid) is 67045
[2024.03.11-13.04.03:338][  0]LogInit:  - we are not running under debugger
[2024.03.11-13.04.03:338][  0]LogInit:  - machine network name is 'strubloid'
[2024.03.11-13.04.03:338][  0]LogInit:  - user name is 'zero' (zero)
[2024.03.11-13.04.03:338][  0]LogInit:  - we're logged in locally
[2024.03.11-13.04.03:338][  0]LogInit:  - we're running with rendering
[2024.03.11-13.04.03:338][  0]LogInit:  - CPU: GenuineIntel 'Intel(R) Core(TM) i7-8750H CPU @ 2.20GHz' (signature: 0x906EA)
[2024.03.11-13.04.03:338][  0]LogInit:  - Number of physical cores available for the process: 6
[2024.03.11-13.04.03:338][  0]LogInit:  - Number of logical cores available for the process: 12
[2024.03.11-13.04.03:338][  0]LogInit:  - GPU Brand Info: NVIDIA GeForce GTX 1070 (NVIDIA UNIX x86_64 Kernel Module  535.161.07  Sat Feb 17 22:55:48 UTC 2024)
[2024.03.11-13.04.03:339][  0]LogInit:  - Memory allocator used: Mimalloc
[2024.03.11-13.04.03:339][  0]LogInit:  - This is an internal build.
[2024.03.11-13.04.03:339][  0]LogCore: Skipped benchmarking clocks because the engine is running in a standalone program mode - CLOCK_MONOTONIC will be used.
[2024.03.11-13.04.03:339][  0]LogInit: Unix-specific commandline switches:
[2024.03.11-13.04.03:339][  0]LogInit:  -ansimalloc - use malloc()/free() from libc (useful for tools like valgrind and electric fence)
[2024.03.11-13.04.03:339][  0]LogInit:  -jemalloc - use jemalloc for all memory allocation
[2024.03.11-13.04.03:339][  0]LogInit:  -binnedmalloc - use binned malloc  for all memory allocation
[2024.03.11-13.04.03:339][  0]LogInit:  -filemapcachesize=NUMBER - set the size for case-sensitive file mapping cache
[2024.03.11-13.04.03:339][  0]LogInit:  -useksm - uses kernel same-page mapping (KSM) for mapped memory (OFF)
[2024.03.11-13.04.03:339][  0]LogInit:  -ksmmergeall - marks all mmap'd memory pages suitable for KSM (OFF)
[2024.03.11-13.04.03:339][  0]LogInit:  -preloadmodulesymbols - Loads the main module symbols file into memory (OFF)
[2024.03.11-13.04.03:339][  0]LogInit:  -sigdfl=SIGNAL - Allows a specific signal to be set to its default handler rather then ignoring the signal
[2024.03.11-13.04.03:339][  0]LogInit:  -crashhandlerstacksize - Allows setting crash handler stack sizes (204800)
[2024.03.11-13.04.03:339][  0]LogInit:  -noexclusivelockonwrite - disables marking files created by the engine as exclusive locked while the engine has them opened
[2024.03.11-13.04.03:339][  0]LogInit:  -httpproxy=ADDRESS:PORT - redirects HTTP requests to a proxy (only supported if compiled with libcurl)
[2024.03.11-13.04.03:339][  0]LogInit:  -reuseconn - allow libcurl to reuse HTTP connections (only matters if compiled with libcurl)
[2024.03.11-13.04.03:339][  0]LogInit:  -virtmemkb=NUMBER - sets process virtual memory (address space) limit (overrides VirtualMemoryLimitInKB value from .ini)
[2024.03.11-13.04.03:339][  0]LogInit:  -allowsyscallfilterfile=PATH_TO_FILE - sets up a system call filter allow list. any invalid syscall in this list *will* cause a crash
[2024.03.11-13.04.03:339][  0]LogInit:  - Physical RAM available (not considering process quota): 32 GB (31816 MB, 32580484 KB, 33362415616 bytes)
[2024.03.11-13.04.03:339][  0]LogInit:  - VirtualMemoryAllocator pools will grow at scale 1.4
[2024.03.11-13.04.03:339][  0]LogInit:  - MemoryRangeDecommit() will be a no-op (re-run with -vmapoolevict to change)
[2024.03.11-13.04.03:339][  0]LogInit:  - PageSize 4096
[2024.03.11-13.04.03:339][  0]LogInit:  - BinnedPageSize 65536
[2024.03.11-13.04.03:342][  0]LogUObjectArray: 434 objects as part of root set at end of initial load.
[2024.03.11-13.04.03:342][  0]LogUObjectAllocator: 90616 out of 0 bytes used by permanent object pool.
[2024.03.11-13.04.03:342][  0]LogUObjectArray: CloseDisregardForGC: 0/0 objects in disregard for GC pool
[2024.03.11-13.04.03:343][  0]LogInit: Using OS detected language (en-US).
[2024.03.11-13.04.03:343][  0]LogInit: Using OS detected locale (en-US).
[2024.03.11-13.04.03:343][  0]LogTextLocalizationManager: No specific localization for 'en-US' exists, so 'en' will be used for the language.
[2024.03.11-13.04.03:390][  0]LogInit: Using OS detected language (en-US).
[2024.03.11-13.04.03:390][  0]LogInit: Using OS detected locale (en-US).
[2024.03.11-13.04.03:390][  0]LogTextLocalizationManager: No localization for 'en-US' exists, so 'en' will be used for the language.
[2024.03.11-13.04.03:390][  0]LogTextLocalizationManager: No localization for 'en-US' exists, so 'en' will be used for the locale.
[2024.03.11-13.04.03:390][  0]LogPackageLocalizationCache: Processed 2 localized package path(s) for 1 prioritized culture(s) in 0.000043 seconds
[2024.03.11-13.04.03:390][  0]CrashReportCoreLog: CrashReportClientVersion=1.0
[2024.03.11-13.04.03:390][  0]CrashReportCoreLog: CrashReportReceiver disabled
[2024.03.11-13.04.03:390][  0]CrashReportCoreLog: DataRouterUrl: https://datarouter.ol.epicgames.com/datarouter/api/v1/public/data
[2024.03.11-13.04.03:420][  0]LogInit: Using libcurl 8.4.0
[2024.03.11-13.04.03:420][  0]LogInit:  - built for x86_64-unknown-linux-gnu
[2024.03.11-13.04.03:420][  0]LogInit:  - supports SSL with OpenSSL/1.1.1t
[2024.03.11-13.04.03:420][  0]LogInit:  - supports HTTP deflate (compression) using libz 1.2.13
[2024.03.11-13.04.03:420][  0]LogInit:  - other features:
[2024.03.11-13.04.03:420][  0]LogInit:      CURL_VERSION_SSL
[2024.03.11-13.04.03:420][  0]LogInit:      CURL_VERSION_LIBZ
[2024.03.11-13.04.03:420][  0]LogInit:      CURL_VERSION_IPV6
[2024.03.11-13.04.03:420][  0]LogInit:      CURL_VERSION_ASYNCHDNS
[2024.03.11-13.04.03:420][  0]LogInit:      CURL_VERSION_LARGEFILE
[2024.03.11-13.04.03:420][  0]LogInit:      CURL_VERSION_TLSAUTH_SRP
[2024.03.11-13.04.03:421][  0]LogInit:  CurlRequestOptions (configurable via config and command line):
[2024.03.11-13.04.03:421][  0]LogInit:  - bVerifyPeer = false  - Libcurl will NOT verify peer certificate
[2024.03.11-13.04.03:421][  0]LogInit:  - bUseHttpProxy = false  - Libcurl will NOT use HTTP proxy
[2024.03.11-13.04.03:421][  0]LogInit:  - bDontReuseConnections = false  - Libcurl will reuse connections
[2024.03.11-13.04.03:421][  0]LogInit:  - MaxHostConnections = 16  - Libcurl will limit the number of connections to a host
[2024.03.11-13.04.03:421][  0]LogInit:  - LocalHostAddr = Default
[2024.03.11-13.04.03:421][  0]LogInit:  - BufferSize = 65536
[2024.03.11-13.04.03:421][  0]LogAnalytics: Display: [CrashReporter.Release] APIServer = https://datarouter.ol.epicgames.com/. AppVersion = ++UE5+Release-5.3-CL-29314046
[2024.03.11-13.04.03:423][  0]LogInit: Initializing SDL.
[2024.03.11-13.04.03:510][  0]LogInit: Initialized SDL 2.24.0 revision:  (compiled against 2.24.0)
[2024.03.11-13.04.03:510][  0]LogInit: Using SDL video driver 'x11'
[2024.03.11-13.04.03:518][  0]LogSlate: New Slate User Created. Platform User Id 0, User Index 0, Is Virtual User: 0
[2024.03.11-13.04.03:518][  0]LogSlate: Slate User Registered.  User Index 0, Is Virtual User: 0
[2024.03.11-13.04.03:519][  0]LogSlate: Using FreeType 2.10.0
[2024.03.11-13.04.03:520][  0]LogSlate: SlateFontServices - WITH_FREETYPE: 1, WITH_HARFBUZZ: 1
[2024.03.11-13.04.03:520][  0]LogInit: Using SDL_WINDOW_OPENGL
[2024.03.11-13.04.03:579][  0]LogInit: FSlateOpenGLContext::Initialize - creating OpenGL 2.1 context
[2024.03.11-13.04.03:713][  0]CrashReportCoreLog: Initial state = Unknown UploadState value
[2024.03.11-13.04.03:713][  0]CrashReportCoreLog: Initial state = Unknown UploadState value
[2024.03.11-13.04.03:733][  0]LogInit: FSlateOpenGLContext::Initialize - creating OpenGL 2.1 context
[2024.03.11-13.04.03:738][  0]LogSlate: Took 0.000106 seconds to synchronously load lazily loaded font '../../../Engine/Content/Slate/Fonts/Roboto-Regular.ttf' (155K)
[2024.03.11-13.04.03:738][  0]LogSlate: Took 0.000048 seconds to synchronously load lazily loaded font '../../../Engine/Content/Slate/Fonts/Roboto-Bold.ttf' (160K)
[2024.03.11-13.04.03:752][  0]LogSlate: Took 0.000054 seconds to synchronously load lazily loaded font '../../../Engine/Content/Slate/Fonts/Roboto-Italic.ttf' (157K)
[2024.03.11-13.04.10:283][  0]CrashReportCoreLog: Got 4 pending files to upload from 'crashinfo-CaceteDeAgulha-pid-67045-C1A3FCF4555B4A8D8C41CEF9D3680523'
[2024.03.11-13.04.10:283][  0]CrashReportCoreLog: State change from Ready to SendingFiles
[2024.03.11-13.04.10:283][  0]CrashReportCoreLog: CompressAndSendData have 4 pending files
[2024.03.11-13.04.10:283][  0]CrashReportCoreLog: CompressAndSendData compressing 167991 bytes ('/home/zero/UnrealGames/CaceteDeAgulha/Saved/Crashes/crashinfo-CaceteDeAgulha-pid-67045-C1A3FCF4555B4A8D8C41CEF9D3680523/CaceteDeAgulha_2.log')
[2024.03.11-13.04.10:284][  0]CrashReportCoreLog: CompressAndSendData compressing 39073 bytes ('/home/zero/UnrealGames/CaceteDeAgulha/Saved/Crashes/crashinfo-CaceteDeAgulha-pid-67045-C1A3FCF4555B4A8D8C41CEF9D3680523/CrashContext.runtime-xml')
[2024.03.11-13.04.10:284][  0]CrashReportCoreLog: CompressAndSendData compressing 179 bytes ('/home/zero/UnrealGames/CaceteDeAgulha/Saved/Crashes/crashinfo-CaceteDeAgulha-pid-67045-C1A3FCF4555B4A8D8C41CEF9D3680523/CrashReportClient.ini')
[2024.03.11-13.04.10:284][  0]CrashReportCoreLog: CompressAndSendData compressing 4528 bytes ('/home/zero/UnrealGames/CaceteDeAgulha/Saved/Crashes/crashinfo-CaceteDeAgulha-pid-67045-C1A3FCF4555B4A8D8C41CEF9D3680523/Diagnostics.txt')
[2024.03.11-13.04.10:300][  0]CrashReportCoreLog: Sending HTTP request: https://datarouter.ol.epicgames.com/datarouter/api/v1/public/data?AppID=CrashReporter&AppVersion=5.3.2-29314046%2B%2B%2BUE5%2BRelease-5.3&AppEnvironment=Release&UploadType=crashreports&UserID=4b008907c2de4648ae46ea42097d4caa-000003e8%7C%7C4b008907c2de4648ae46ea42097d4caa
[2024.03.11-13.04.10:984][  0]CrashReportCoreLog: OnProcessRequestComplete(), State=SendingFiles bSucceeded=1
[2024.03.11-13.04.10:984][  0]CrashReportCoreLog: State change from SendingFiles to SendingFiles
[2024.03.11-13.04.10:984][  0]CrashReportCoreLog: All uploads done
[2024.03.11-13.04.10:984][  0]CrashReportCoreLog: State change from SendingFiles to Finished
[2024.03.11-13.04.11:319][  0]LogSlate: Request Window 'CaceteDeAgulha Crash Reporter' being destroyed
[2024.03.11-13.04.11:319][  0]LogSlate: Window 'CaceteDeAgulha Crash Reporter' being destroyed
[2024.03.11-13.04.11:325][  0]LogCore: Engine exit requested (reason: OnRequestExit)
[2024.03.11-13.04.11:329][  0]CrashReportCoreLog: Final state (Receiver) = Finished
[2024.03.11-13.04.11:329][  0]CrashReportCoreLog: Final state (Receiver) = Unknown UploadState value
[2024.03.11-13.04.11:342][  0]LogSlate: Slate User Destroyed.  User Index 0, Is Virtual User: 0
[2024.03.11-13.04.11:343][  0]LogCore: Engine exit requested (reason: CrashReportClientApp RequestExit; note: exit was already requested)
[2024.03.11-13.04.11:343][  0]LogExit: Preparing to exit.
[2024.03.11-13.04.11:345][  0]LogExit: Object subsystem successfully closed.
[2024.03.11-13.04.11:349][  0]LogModuleManager: Shutting down and abandoning module ImageWrapper (16)
[2024.03.11-13.04.11:349][  0]LogModuleManager: Shutting down and abandoning module InputCore (14)
[2024.03.11-13.04.11:349][  0]LogModuleManager: Shutting down and abandoning module AnalyticsET (12)
[2024.03.11-13.04.11:349][  0]LogModuleManager: Shutting down and abandoning module HTTP (11)
[2024.03.11-13.04.11:349][  0]LogHttp: Warning: [FHttpManager::Shutdown] Unbinding delegates for 1 outstanding Http Requests:
[2024.03.11-13.04.11:349][  0]LogHttp: Warning: 	verb=[POST] url=[https://datarouter.ol.epicgames.com/datarouter/api/v1/public/data?SessionID=%7BAA5A48EB-6C0A-4B9B-B5C9-9188789101A5%7D&AppID=CrashReporter.Release&AppVersion=%2B%2BUE5%2BRelease-5.3-CL-29314046&UserID=4b008907c2de4648ae46ea42097d4caa-000003e8%7C%7C4b008907c2de4648ae46ea42097d4caa&AppEnvironment=datacollector-binary&UploadType=eteventstream] refs=[1] status=Processing
[2024.03.11-13.04.11:349][  0]LogHttp: Warning: 	Sleeping 0.500s to wait for 1 outstanding Http Requests.
[2024.03.11-13.04.11:865][  0]LogModuleManager: Shutting down and abandoning module SSL (10)
[2024.03.11-13.04.11:867][  0]LogModuleManager: Shutting down and abandoning module CoreUObject (6)
[2024.03.11-13.04.11:867][  0]LogModuleManager: Shutting down and abandoning module PakFile (4)
[2024.03.11-13.04.11:867][  0]LogPakFile: Destroying PakPlatformFile
[2024.03.11-13.04.11:867][  0]LogModuleManager: Shutting down and abandoning module RSA (3)
[2024.03.11-13.04.11:871][  0]LogExit: Exiting.
[2024.03.11-13.04.11:871][  0]LogInit: Tearing down SDL.
[2024.03.11-13.04.11:886][  0]Log file closed, 03/11/24 13:04:11
